<?xml version="1.0" encoding="UTF-8"?>
<!-- Generated by org.testng.reporters.JUnitXMLReporter -->
<testsuite ignored="0" hostname="FDT-CTR-Hani" failures="0" tests="4" name="Default test" time="36.485" errors="0" timestamp="2026-01-02T19:45:09 EET">
  <testcase classname="Mytestcases" name="Mytest" time="8.246"/>
  <testcase classname="Mytestcases" name="Logout" time="7.895"/>
  <testcase classname="Mytestcases" name="LogIn" time="3.746"/>
  <testcase classname="Mytestcases" name="AddItemToTheCart" time="13.915"/>
</testsuite> <!-- Default test -->
