<?xml version="1.0" encoding="UTF-8"?>
<testng-results ignored="0" total="4" passed="4" failed="0" skipped="0">
  <reporter-output>
  </reporter-output>
  <suite started-at="2026-01-02T19:44:33 EET" name="Default suite" finished-at="2026-01-02T19:45:09 EET" duration-ms="36485">
    <groups>
    </groups>
    <test started-at="2026-01-02T19:44:33 EET" name="Default test" finished-at="2026-01-02T19:45:09 EET" duration-ms="36485">
      <class name="Mytestcases">
        <test-method is-config="true" signature="Mysetup()[pri:0, instance:Mytestcases@10fde30a]" started-at="2026-01-02T19:44:33 EET" name="Mysetup" finished-at="2026-01-02T19:44:35 EET" duration-ms="2625" status="PASS">
          <reporter-output>
          </reporter-output>
        </test-method> <!-- Mysetup -->
        <test-method signature="Mytest()[pri:1, instance:Mytestcases@10fde30a]" started-at="2026-01-02T19:44:36 EET" name="Mytest" finished-at="2026-01-02T19:44:44 EET" duration-ms="8246" status="PASS">
          <reporter-output>
          </reporter-output>
        </test-method> <!-- Mytest -->
        <test-method signature="Logout()[pri:2, instance:Mytestcases@10fde30a]" started-at="2026-01-02T19:44:44 EET" name="Logout" finished-at="2026-01-02T19:44:52 EET" duration-ms="7895" status="PASS">
          <reporter-output>
          </reporter-output>
        </test-method> <!-- Logout -->
        <test-method signature="LogIn()[pri:3, instance:Mytestcases@10fde30a]" started-at="2026-01-02T19:44:52 EET" name="LogIn" finished-at="2026-01-02T19:44:55 EET" duration-ms="3746" status="PASS">
          <reporter-output>
          </reporter-output>
        </test-method> <!-- LogIn -->
        <test-method signature="AddItemToTheCart()[pri:4, instance:Mytestcases@10fde30a]" started-at="2026-01-02T19:44:55 EET" name="AddItemToTheCart" finished-at="2026-01-02T19:45:09 EET" duration-ms="13915" status="PASS">
          <reporter-output>
          </reporter-output>
        </test-method> <!-- AddItemToTheCart -->
      </class> <!-- Mytestcases -->
    </test> <!-- Default test -->
  </suite> <!-- Default suite -->
</testng-results>
